2021-08-11 15:20:32,047 INFO o.a.j.u.JMeterUtils: Setting Locale to zh_CN
2021-08-11 15:20:32,056 INFO o.a.j.JMeter: Loading user properties from: user.properties
2021-08-11 15:20:32,056 INFO o.a.j.JMeter: Loading system properties from: system.properties
2021-08-11 15:20:32,056 INFO o.a.j.JMeter: Setting JMeter property: jmeter.save.saveservice.output_format=xml
2021-08-11 15:20:32,060 INFO o.a.j.JMeter: Copyright (c) 1998-2018 The Apache Software Foundation
2021-08-11 15:20:32,060 INFO o.a.j.JMeter: Version 4.0 r1823414
2021-08-11 15:20:32,060 INFO o.a.j.JMeter: java.version=1.8.0_161
2021-08-11 15:20:32,060 INFO o.a.j.JMeter: java.vm.name=Java HotSpot(TM) 64-Bit Server VM
2021-08-11 15:20:32,060 INFO o.a.j.JMeter: os.name=Windows 10
2021-08-11 15:20:32,060 INFO o.a.j.JMeter: os.arch=amd64
2021-08-11 15:20:32,061 INFO o.a.j.JMeter: os.version=10.0
2021-08-11 15:20:32,061 INFO o.a.j.JMeter: file.encoding=GBK
2021-08-11 15:20:32,061 INFO o.a.j.JMeter: Max memory     =3767533568
2021-08-11 15:20:32,061 INFO o.a.j.JMeter: Available Processors =8
2021-08-11 15:20:32,066 INFO o.a.j.JMeter: Default Locale=中文 (中国)
2021-08-11 15:20:32,066 INFO o.a.j.JMeter: JMeter  Locale=中文 (中国)
2021-08-11 15:20:32,066 INFO o.a.j.JMeter: JMeterHome=D:\apache-jmeter-4.0
2021-08-11 15:20:32,066 INFO o.a.j.JMeter: user.dir  =D:\apache-jmeter-4.0\bin
2021-08-11 15:20:32,066 INFO o.a.j.JMeter: PWD       =D:\apache-jmeter-4.0\bin
2021-08-11 15:20:32,067 INFO o.a.j.JMeter: IP: 192.168.20.127 Name: MissPan FullName: MissPan
2021-08-11 15:20:32,069 INFO o.a.j.s.FileServer: Default base='D:\apache-jmeter-4.0\bin'
2021-08-11 15:20:32,072 INFO o.a.j.s.FileServer: Set new base='D:\apache-jmeter-4.0\TestSuite\script'
2021-08-11 15:20:32,183 INFO o.a.j.s.SaveService: Testplan (JMX) version: 2.2. Testlog (JTL) version: 2.2
2021-08-11 15:20:32,194 INFO o.a.j.s.SaveService: Using SaveService properties file encoding UTF-8
2021-08-11 15:20:32,197 INFO o.a.j.s.SaveService: Using SaveService properties version 4.0
2021-08-11 15:20:32,202 INFO o.a.j.s.SaveService: Loading file: D:\apache-jmeter-4.0\TestSuite\script\断言.jmx
2021-08-11 15:20:32,253 INFO o.a.j.p.h.s.HTTPSamplerBase: Parser for text/html is org.apache.jmeter.protocol.http.parser.LagartoBasedHtmlParser
2021-08-11 15:20:32,253 INFO o.a.j.p.h.s.HTTPSamplerBase: Parser for application/xhtml+xml is org.apache.jmeter.protocol.http.parser.LagartoBasedHtmlParser
2021-08-11 15:20:32,253 INFO o.a.j.p.h.s.HTTPSamplerBase: Parser for application/xml is org.apache.jmeter.protocol.http.parser.LagartoBasedHtmlParser
2021-08-11 15:20:32,253 INFO o.a.j.p.h.s.HTTPSamplerBase: Parser for text/xml is org.apache.jmeter.protocol.http.parser.LagartoBasedHtmlParser
2021-08-11 15:20:32,253 INFO o.a.j.p.h.s.HTTPSamplerBase: Parser for text/vnd.wap.wml is org.apache.jmeter.protocol.http.parser.RegexpHTMLParser
2021-08-11 15:20:32,253 INFO o.a.j.p.h.s.HTTPSamplerBase: Parser for text/css is org.apache.jmeter.protocol.http.parser.CssParser
2021-08-11 15:20:32,262 INFO o.a.j.JMeter: Creating summariser <summary>
2021-08-11 15:20:32,266 INFO o.a.j.e.StandardJMeterEngine: Running the test!
2021-08-11 15:20:32,266 INFO o.a.j.s.SampleEvent: List of sample_variables: []
2021-08-11 15:20:32,266 INFO o.a.j.s.SampleEvent: List of sample_variables: []
2021-08-11 15:20:32,269 INFO o.a.j.e.u.CompoundVariable: Note: Function class names must contain the string: '.functions.'
2021-08-11 15:20:32,269 INFO o.a.j.e.u.CompoundVariable: Note: Function class names must not contain the string: '.gui.'
2021-08-11 15:20:32,506 INFO o.a.j.JMeter: 正在运行的测试 (1628666432506)
2021-08-11 15:20:32,562 INFO o.a.j.e.StandardJMeterEngine: Starting ThreadGroup: 1 : 断言
2021-08-11 15:20:32,562 INFO o.a.j.e.StandardJMeterEngine: Starting 1 threads for group 断言.
2021-08-11 15:20:32,562 INFO o.a.j.e.StandardJMeterEngine: Thread will continue on error
2021-08-11 15:20:32,562 INFO o.a.j.t.ThreadGroup: Starting thread group... number=1 threads=1 ramp-up=1 perThread=1000.0 delayedStart=false
2021-08-11 15:20:32,567 INFO o.a.j.t.ThreadGroup: Started thread group number 1
2021-08-11 15:20:32,567 INFO o.a.j.e.StandardJMeterEngine: All thread groups have been started
2021-08-11 15:20:32,569 INFO o.a.j.t.JMeterThread: Thread started: 断言 1-1
2021-08-11 15:20:32,589 INFO o.a.j.p.h.s.HTTPHCAbstractImpl: Local host = MissPan
2021-08-11 15:20:32,592 INFO o.a.j.p.h.s.HTTPHC4Impl: HTTP request retry count = 0
2021-08-11 15:20:32,597 INFO o.a.j.s.SampleResult: Note: Sample TimeStamps are START times
2021-08-11 15:20:32,597 INFO o.a.j.s.SampleResult: sampleresult.default.encoding is set to ISO-8859-1
2021-08-11 15:20:32,597 INFO o.a.j.s.SampleResult: sampleresult.useNanoTime=true
2021-08-11 15:20:32,597 INFO o.a.j.s.SampleResult: sampleresult.nanoThreadSleep=5000
2021-08-11 15:20:32,658 INFO o.a.j.p.h.s.LazySchemeSocketFactory: Setting up HTTPS TrustAll Socket Factory
2021-08-11 15:20:32,667 INFO o.a.j.u.JsseSSLManager: Using default SSL protocol: TLS
2021-08-11 15:20:32,667 INFO o.a.j.u.JsseSSLManager: SSL session context: per-thread
2021-08-11 15:20:33,005 INFO o.a.j.u.SSLManager: JmeterKeyStore Location:  type JKS
2021-08-11 15:20:33,005 INFO o.a.j.u.SSLManager: KeyStore created OK
2021-08-11 15:20:33,005 WARN o.a.j.u.SSLManager: Keystore file not found, loading empty keystore
2021-08-11 15:20:33,381 INFO o.a.j.r.Summariser: summary +      1 in 00:00:01 =    1.1/s Avg:   722 Min:   722 Max:   722 Err:     1 (100.00%) Active: 1 Started: 1 Finished: 0
2021-08-11 15:20:33,447 INFO o.a.j.t.JMeterThread: Thread is done: 断言 1-1
2021-08-11 15:20:33,447 INFO o.a.j.t.JMeterThread: Thread finished: 断言 1-1
2021-08-11 15:20:33,448 INFO o.a.j.e.StandardJMeterEngine: Notifying test listeners of end of test
2021-08-11 15:20:33,449 INFO o.a.j.r.Summariser: summary +      1 in 00:00:00 =   14.5/s Avg:    64 Min:    64 Max:    64 Err:     1 (100.00%) Active: 0 Started: 1 Finished: 1
2021-08-11 15:20:33,449 INFO o.a.j.r.Summariser: summary =      2 in 00:00:01 =    2.1/s Avg:   393 Min:    64 Max:   722 Err:     2 (100.00%)
